

2017-04-12 09:59:37,922DEBUG[com.Davi.poems.tools.analyze_Tset]-succeed


2017-04-14 10:48:23,779INFO[com.Davi.poems.net.netServer]-server启动成功


2017-04-14 10:50:44,297INFO[com.Davi.poems.net.netServer]-server启动成功


2017-04-14 10:51:52,573INFO[com.Davi.poems.net.netServer]-context


2017-04-14 10:51:52,977INFO[com.Davi.poems.net.netServer]-server启动成功


2017-04-14 10:52:54,014INFO[com.Davi.poems.net.netServer]-context


2017-04-14 10:53:20,157INFO[com.Davi.poems.net.netServer]-server启动成功


2017-04-14 10:57:34,200INFO[com.Davi.poems.net.netServer]-server启动成功


2017-04-14 11:00:17,547INFO[com.Davi.poems.net.myHttpClient]-返回 200


2017-04-14 11:02:16,806INFO[com.Davi.poems.net.myHttpClient]-返回 200


2017-04-14 11:03:24,835INFO[com.Davi.poems.net.myHttpClient]-返回 200


2017-04-14 11:08:43,948INFO[com.Davi.poems.net.myHttpClient]-返回 200


2017-04-14 11:12:30,172INFO[com.Davi.poems.net.myHttpClient]-返回 200


2017-04-14 11:12:41,557INFO[com.Davi.poems.net.netServer]-server启动成功


2017-04-14 11:19:18,622INFO[com.Davi.poems.net.netServer]-server启动成功


2017-04-14 11:20:01,072INFO[com.Davi.poems.net.netServer]-server启动成功


2017-04-14 11:21:34,631INFO[com.Davi.poems.net.netServer]-server启动成功


2017-04-14 11:22:34,950INFO[com.Davi.poems.net.myHttpClient]-返回 200


2017-04-14 11:23:08,738INFO[com.Davi.poems.net.netServer]-server启动成功


2017-04-14 11:24:58,086INFO[com.Davi.poems.net.myHttpClient]-返回 200


2017-04-14 11:57:42,742INFO[com.Davi.poems.net.netServer]-server启动成功


2017-04-14 11:58:46,293INFO[com.Davi.poems.net.myHttpClient]-返回 200


2017-04-14 13:19:49,543INFO[com.Davi.poems.net.netServer]-server启动成功


2017-04-14 13:20:49,704INFO[com.Davi.poems.net.myHttpClient]-返回 200


2017-04-14 13:31:28,829INFO[com.Davi.poems.net.netServer]-server启动成功


2017-04-14 13:32:28,621INFO[com.Davi.poems.net.myHttpClient]-返回 200


2017-04-14 13:33:52,019INFO[com.Davi.poems.net.myHttpClient]-[Lorg.apache.http.Header;@60addb54


2017-04-14 13:34:04,727INFO[com.Davi.poems.net.myHttpClient]-返回 200


2017-04-14 13:34:25,567INFO[com.Davi.poems.net.myHttpClient]-[Lorg.apache.http.Header;@5d624da6


2017-04-14 13:34:38,619INFO[com.Davi.poems.net.myHttpClient]-返回 200


2017-04-14 13:34:47,293INFO[com.Davi.poems.net.myHttpClient]-INPUT: 樱花


2017-04-14 13:35:00,162INFO[com.Davi.poems.net.myHttpClient]-返回 200


2017-04-14 13:40:05,673INFO[com.Davi.poems.net.netServer]-server启动成功


2017-04-14 13:40:11,976INFO[com.Davi.poems.net.myHttpClient]-INPUT: 樱花


2017-04-14 13:40:54,600INFO[com.Davi.poems.net.handler]-1±


2017-04-14 13:40:54,600INFO[com.Davi.poems.net.handler]-1±


2017-04-14 13:41:08,583INFO[com.Davi.poems.net.myHttpClient]-返回 200


2017-04-14 13:41:40,973INFO[com.Davi.poems.net.myHttpClient]-INPUT: inhao


2017-04-14 13:41:41,030INFO[com.Davi.poems.net.handler]-inhao


2017-04-14 13:41:41,030INFO[com.Davi.poems.net.handler]-inhao


2017-04-14 13:41:51,561INFO[com.Davi.poems.net.myHttpClient]-返回 200


2017-04-14 13:42:06,101INFO[com.Davi.poems.net.myHttpClient]-INPUT: 李白


2017-04-14 13:42:06,166INFO[com.Davi.poems.net.handler]-N}


2017-04-14 13:42:06,166INFO[com.Davi.poems.net.handler]-N}


2017-04-14 13:42:19,255INFO[com.Davi.poems.net.myHttpClient]-返回 200


2017-04-14 13:44:44,769INFO[com.Davi.poems.net.myHttpClient]-INPUT: [C@5d624da6


2017-04-14 13:44:44,824INFO[com.Davi.poems.net.handler]-[C@5d624da6


2017-04-14 13:44:44,824INFO[com.Davi.poems.net.handler]-[C@5d624da6


2017-04-14 13:47:38,012INFO[com.Davi.poems.net.myHttpClient]-INPUT: 李白


2017-04-14 13:47:38,079INFO[com.Davi.poems.net.handler]-N}


2017-04-14 13:47:38,079INFO[com.Davi.poems.net.handler]-N}


2017-04-14 13:47:51,982INFO[com.Davi.poems.net.myHttpClient]-返回 200


2017-04-14 13:49:59,097INFO[com.Davi.poems.net.netServer]-server启动成功


2017-04-14 13:50:03,603INFO[com.Davi.poems.net.myHttpClient]-INPUT: %E6%A8%B1%E8%8A%B1


2017-04-14 13:50:43,735INFO[com.Davi.poems.net.handler]-%E6%A8%B1%E8%8A%B1


2017-04-14 13:50:44,183INFO[com.Davi.poems.net.myHttpClient]-返回 200


2017-04-14 13:51:56,337INFO[com.Davi.poems.net.myHttpClient]-INPUT: %E6%A8%B1%E8%8A%B1


2017-04-14 13:51:56,401INFO[com.Davi.poems.net.handler]-%E6%A8%B1%E8%8A%B1


2017-04-14 13:51:56,790INFO[com.Davi.poems.net.myHttpClient]-返回 200


2017-04-14 13:53:47,642INFO[com.Davi.poems.net.myHttpClient]-INPUT: %E6%A8%B1%E8%8A%B1


2017-04-14 13:53:54,365INFO[com.Davi.poems.net.netServer]-server启动成功


2017-04-14 13:53:58,406INFO[com.Davi.poems.net.myHttpClient]-INPUT: %E6%A8%B1%E8%8A%B1


2017-04-14 13:54:39,256INFO[com.Davi.poems.net.handler]-%E6%A8%B1%E8%8A%B1


2017-04-14 13:54:52,382INFO[com.Davi.poems.net.myHttpClient]-返回 200


2017-04-14 13:57:04,725INFO[com.Davi.poems.net.myHttpClient]-INPUT: %E6%A8%B1%E8%8A%B1


2017-04-14 13:57:09,263INFO[com.Davi.poems.net.handler]-%E6%A8%B1%E8%8A%B1


2017-04-14 14:01:14,887INFO[com.Davi.poems.net.myHttpClient]-返回 200


2017-04-14 14:01:21,598INFO[com.Davi.poems.net.myHttpClient]-INPUT: %E6%A8%B1%E8%8A%B1


2017-04-14 14:01:21,649INFO[com.Davi.poems.net.handler]-%E6%A8%B1%E8%8A%B1


2017-04-14 14:06:41,620INFO[com.Davi.poems.net.myHttpClient]-INPUT: %E6%A8%B1%E8%8A%B1


2017-04-14 14:06:41,677INFO[com.Davi.poems.net.handler]-%E6%A8%B1%E8%8A%B1


2017-04-14 14:10:17,911INFO[com.Davi.poems.net.myHttpClient]-INPUT: %E6%A8%B1%E8%8A%B1


2017-04-14 14:10:17,969INFO[com.Davi.poems.net.handler]-%E6%A8%B1%E8%8A%B1


2017-04-14 14:10:30,608INFO[com.Davi.poems.net.myHttpClient]-
这首诗的题目是鸳鸯篇
这首诗的作者是李德裕
这首诗的内容是： 君不见昔时同心人，化作鸳鸯鸟。和鸣一夕不暂离，交颈千年尚为少。二月草菲菲，山樱花未稀。金塘风日好，何处不相依。既逢解佩游女，更值凌波宓妃。精光摇翠盖，丽色映珠玑。双影相伴，双心莫违。淹留碧沙上，荡漾洗红衣。春光兮宛转，嬉游兮未反。宿莫近天泉池，飞莫近长洲苑。尔愿欢爱不相忘，须去人间罗网远。南有潇湘洲，且为千里游。洞庭无苦寒，沅江多碧流。昔为薄命妾，无日不含愁。今为水中鸟，颉颃自相求。洛阳女儿在青阁，二月罗衣轻更薄。金泥文彩未足珍，画作鸳鸯始堪著。亦有少妇破瓜年，春闺无伴独婵娟。夜夜学织连枝锦，织作鸳鸯人共怜。悠悠湘水滨，清浅漾初蘋。菖花发艳无人识，江柳逶迤空自春。唯怜独鹤依琴曲，更念孤鸾隐镜尘。愿作鸳鸯被，长覆有情人。
对偶句是：null
 权重是0

这首诗的题目是无题四首
这首诗的作者是李商隐
这首诗的内容是： 来是空言去绝踪，月斜楼上五更钟。梦为远别啼难唤，书被催成墨未浓。蜡照半笼金翡翠，麝熏微度绣芙蓉。刘郎已恨蓬山远，更隔蓬山一万重。飒飒东风细雨来，芙蓉塘外有轻雷。金蟾啮锁烧香入，玉虎牵丝汲井回。贾氏窥帘韩掾少，宓妃留枕魏王才。春心莫共花争发，一寸相思一寸灰。含情春晼晚，暂见夜阑干。楼响将登怯，帘烘欲过难。多羞钗上燕，真愧镜中鸾。归去横塘晓，华星送宝鞍。何处哀筝随急管，樱花永巷垂杨岸。东家老女嫁不售，白日当天三月半。溧阳公主年十四，清明暖后同墙看。归来展转到五更，梁间燕子闻长叹。
对偶句是：null
 权重是0

这首诗的题目是赠歌者
这首诗的作者是薛能
这首诗的内容是： 一字新声一颗珠，转喉疑是击珊瑚。听时坐部音中有，唱后樱花叶里无。汉浦蔑闻虚解佩，临邛焉用枉当垆。谁人得向青楼宿，便是仙郎不是夫。
对偶句是：null
 权重是0

这首诗的题目是离别难
这首诗的作者是薛昭蕴
这首诗的内容是： 宝马晓鞴雕鞍，罗帏乍别情难。那堪春景媚，送君千万里。半妆珠翠落，露华寒。红蜡烛，青丝曲，偏能钩引泪阑干¤良夜促，香尘绿，魂欲迷，檀眉半敛愁低。未别心先咽，欲语情难说。出芳草，路东西，摇袖立。春风急，樱花杨柳雨凄凄。
对偶句是：null
 权重是0

这首诗的题目是词牌:浣溪沙（同上）
这首诗的作者是苏轼
这首诗的内容是： 芍药樱花两斗新。名园高会送芳辰。洛阳初夏广陵春。红玉半开菩萨面，丹砂浓点柳枝唇。尊前还有个中人。
对偶句是：null
 权重是0

这首诗的题目是词牌:采桑子（樱桃花）
这首诗的作者是赵师侠
这首诗的内容是： 梅花谢后樱花绽，浅浅匀红。试手天工。百卉千葩一信通。余寒未许开舒妥，怨雨愁风。结子筠笼。万颗匀圆讶许同。
对偶句是：null
 权重是0



2017-04-14 14:10:30,608INFO[com.Davi.poems.net.myHttpClient]-返回 200


2017-04-14 14:14:49,455INFO[com.Davi.poems.net.myHttpClient]-INPUT: %E5%BA%8A%E5%89%8D***


2017-04-14 14:14:49,515INFO[com.Davi.poems.net.handler]-%E5%BA%8A%E5%89%8D***


2017-04-14 14:14:50,229INFO[com.Davi.poems.net.myHttpClient]-
这首诗的题目是郑果州相过
这首诗的作者是王维
这首诗的内容是： 丽日照残春，初晴草木新。床前磨镜客，树下灌园人。五马惊穷巷，双童逐老身。中厨办粗饭，当恕阮家贫。
对偶句是：null
 权重是0

这首诗的题目是静夜思
这首诗的作者是李白
这首诗的内容是： 床前看月光，疑是地上霜。举头望山月，低头思故乡。
对偶句是：null
 权重是0

这首诗的题目是北征
这首诗的作者是杜甫
这首诗的内容是： 皇帝二载秋，闰八月初吉。杜子将北征，苍茫问家室。维时遭艰虞，朝野少暇日。顾惭恩私被，诏许归蓬荜。拜辞诣阙下，怵惕久未出。虽乏谏诤姿，恐君有遗失。君诚中兴主，经纬固密勿。东胡反未已，臣甫愤所切。挥涕恋行在，道途犹恍惚。乾坤含疮痍，忧虞何时毕。靡靡逾阡陌，人烟眇萧瑟。所遇多被伤，呻吟更流血。回首凤翔县，旌旗晚明灭。前登寒山重，屡得饮马窟。邠郊入地底，泾水中荡潏。猛虎立我前，苍崖吼时裂。菊垂今秋花，石戴古车辙。青云动高兴，幽事亦可悦。山果多琐细，罗生杂橡栗。或红如丹砂，或黑如点漆。雨露之所濡，甘苦齐结实。缅思桃源内，益叹身世拙。坡陀望鄜畤，岩谷互出没。我行已水滨，我仆犹木末。鸱鸟鸣黄桑，野鼠拱乱穴。夜深经战场，寒月照白骨。潼关百万师，往者散何卒。遂令半秦民，残害为异物。况我堕胡尘，及归尽华发。经年至茅屋，妻子衣百结。恸哭松声回，悲泉共幽咽。平生所娇儿，颜色白胜雪。见耶背面啼，垢腻脚不袜。床前两小女，补绽才过膝。海图坼波涛，旧绣移曲折。天吴及紫凤，颠倒在裋褐。老夫情怀恶，呕泄卧数日。那无囊中帛，救汝寒凛栗。粉黛亦解苞，衾裯稍罗列。瘦妻面复光，痴女头自栉。学母无不为，晓妆随手抹。移时施朱铅，狼藉画眉阔。生还对童稚，似欲忘饥渴。问事竞挽须，谁能即嗔喝。翻思在贼愁，甘受杂乱聒。新归且慰意，生理焉能说。至尊尚蒙尘，几日休练卒。仰观天色改，坐觉祆气豁。阴风西北来，惨澹随回鹘。其王愿助顺，其俗善驰突。送兵五千人，驱马一万匹。此辈少为贵，四方服勇决。所用皆鹰腾，破敌过箭疾。圣心颇虚伫，时议气欲夺。伊洛指掌收，西京不足拔。官军请深入，蓄锐何俱发。此举开青徐，旋瞻略恒碣。昊天积霜露，正气有肃杀。祸转亡胡岁，势成擒胡月。胡命其能久，皇纲未宜绝。忆昨狼狈初，事与古先别。奸臣竟菹醢，同恶随荡析。不闻夏殷衰，中自诛褒妲。周汉获再兴，宣光果明哲。桓桓陈将军，仗钺奋忠烈。微尔人尽非，于今国犹活。凄凉大同殿，寂寞白兽闼。都人望翠华，佳气向金阙。园陵固有神，扫洒数不缺。煌煌太宗业，树立甚宏达。
对偶句是：null
 权重是0

这首诗的题目是行香归
这首诗的作者是白居易
这首诗的内容是： 出作行香客，归如坐夏僧。床前双草屦，檐下一纱灯。珮委腰无力，冠欹发不胜。鸾台龙尾道，合尽少年登。
对偶句是：null
 权重是0

这首诗的题目是咏兴五首·池上有小舟
这首诗的作者是白居易
这首诗的内容是： 池上有小舟，舟中有胡床。床前有新酒，独酌还独尝。熏若春日气，皎如秋水光。可洗机巧心，可荡尘垢肠。岸曲舟行迟，一曲进一觞。未知几曲醉，醉入无何乡。寅缘潭岛间，水竹深青苍。身闲心无事，白日为我长。我若未忘世，虽闲心亦忙。世若未忘我，虽退身难藏。我今异于是，身世交相忘。
对偶句是：null
 权重是0

这首诗的题目是奉酬袭美苦雨四声重寄三十二句·平声
这首诗的作者是陆龟蒙
这首诗的内容是： 幽栖眠疏窗，豪居凭高楼。浮沤惊跳丸，寒声思重裘。床前垂文竿，巢边登轻舟。虽无东皋田，还生鱼乎忧。
对偶句是：null
 权重是0

这首诗的题目是嘉兴县内池阁
这首诗的作者是方干
这首诗的内容是： 指画应心成，周回气象清。床前沙鸟语，案下锦鳞惊。细柳风吹旋，新荷露压倾。微芳缘岸落，迸笋入波生。舴艋舟中醉，莓苔径上行。高人莫归去，此处胜蓬瀛。
对偶句是：null
 权重是0

这首诗的题目是过西山施肩吾旧居
这首诗的作者是齐己
这首诗的内容是： 大志终难起，西峰卧翠堆。床前倒秋壑，枕上过春雷。鹤见丹成去，僧闻栗熟来。荒斋松竹老，鸾鹤自裴回。
对偶句是：null
 权重是0



2017-04-14 14:14:50,230INFO[com.Davi.poems.net.myHttpClient]-返回 200


2017-04-14 14:35:05,507INFO[com.Davi.poems.net.netServer]-server启动成功


2017-04-14 14:51:41,847INFO[com.Davi.poems.net.myHttpClient]-INPUT: %E5%BA%8A%E5%89%8D***


2017-04-14 14:52:23,952INFO[com.Davi.poems.net.myHttpClient]-
这首诗的题目是郑果州相过
这首诗的作者是王维
这首诗的内容是： 丽日照残春，初晴草木新。床前磨镜客，树下灌园人。五马惊穷巷，双童逐老身。中厨办粗饭，当恕阮家贫。
对偶句是：null
 权重是0

这首诗的题目是静夜思
这首诗的作者是李白
这首诗的内容是： 床前看月光，疑是地上霜。举头望山月，低头思故乡。
对偶句是：null
 权重是0

这首诗的题目是北征
这首诗的作者是杜甫
这首诗的内容是： 皇帝二载秋，闰八月初吉。杜子将北征，苍茫问家室。维时遭艰虞，朝野少暇日。顾惭恩私被，诏许归蓬荜。拜辞诣阙下，怵惕久未出。虽乏谏诤姿，恐君有遗失。君诚中兴主，经纬固密勿。东胡反未已，臣甫愤所切。挥涕恋行在，道途犹恍惚。乾坤含疮痍，忧虞何时毕。靡靡逾阡陌，人烟眇萧瑟。所遇多被伤，呻吟更流血。回首凤翔县，旌旗晚明灭。前登寒山重，屡得饮马窟。邠郊入地底，泾水中荡潏。猛虎立我前，苍崖吼时裂。菊垂今秋花，石戴古车辙。青云动高兴，幽事亦可悦。山果多琐细，罗生杂橡栗。或红如丹砂，或黑如点漆。雨露之所濡，甘苦齐结实。缅思桃源内，益叹身世拙。坡陀望鄜畤，岩谷互出没。我行已水滨，我仆犹木末。鸱鸟鸣黄桑，野鼠拱乱穴。夜深经战场，寒月照白骨。潼关百万师，往者散何卒。遂令半秦民，残害为异物。况我堕胡尘，及归尽华发。经年至茅屋，妻子衣百结。恸哭松声回，悲泉共幽咽。平生所娇儿，颜色白胜雪。见耶背面啼，垢腻脚不袜。床前两小女，补绽才过膝。海图坼波涛，旧绣移曲折。天吴及紫凤，颠倒在裋褐。老夫情怀恶，呕泄卧数日。那无囊中帛，救汝寒凛栗。粉黛亦解苞，衾裯稍罗列。瘦妻面复光，痴女头自栉。学母无不为，晓妆随手抹。移时施朱铅，狼藉画眉阔。生还对童稚，似欲忘饥渴。问事竞挽须，谁能即嗔喝。翻思在贼愁，甘受杂乱聒。新归且慰意，生理焉能说。至尊尚蒙尘，几日休练卒。仰观天色改，坐觉祆气豁。阴风西北来，惨澹随回鹘。其王愿助顺，其俗善驰突。送兵五千人，驱马一万匹。此辈少为贵，四方服勇决。所用皆鹰腾，破敌过箭疾。圣心颇虚伫，时议气欲夺。伊洛指掌收，西京不足拔。官军请深入，蓄锐何俱发。此举开青徐，旋瞻略恒碣。昊天积霜露，正气有肃杀。祸转亡胡岁，势成擒胡月。胡命其能久，皇纲未宜绝。忆昨狼狈初，事与古先别。奸臣竟菹醢，同恶随荡析。不闻夏殷衰，中自诛褒妲。周汉获再兴，宣光果明哲。桓桓陈将军，仗钺奋忠烈。微尔人尽非，于今国犹活。凄凉大同殿，寂寞白兽闼。都人望翠华，佳气向金阙。园陵固有神，扫洒数不缺。煌煌太宗业，树立甚宏达。
对偶句是：null
 权重是0

这首诗的题目是行香归
这首诗的作者是白居易
这首诗的内容是： 出作行香客，归如坐夏僧。床前双草屦，檐下一纱灯。珮委腰无力，冠欹发不胜。鸾台龙尾道，合尽少年登。
对偶句是：null
 权重是0

这首诗的题目是咏兴五首·池上有小舟
这首诗的作者是白居易
这首诗的内容是： 池上有小舟，舟中有胡床。床前有新酒，独酌还独尝。熏若春日气，皎如秋水光。可洗机巧心，可荡尘垢肠。岸曲舟行迟，一曲进一觞。未知几曲醉，醉入无何乡。寅缘潭岛间，水竹深青苍。身闲心无事，白日为我长。我若未忘世，虽闲心亦忙。世若未忘我，虽退身难藏。我今异于是，身世交相忘。
对偶句是：null
 权重是0

这首诗的题目是奉酬袭美苦雨四声重寄三十二句·平声
这首诗的作者是陆龟蒙
这首诗的内容是： 幽栖眠疏窗，豪居凭高楼。浮沤惊跳丸，寒声思重裘。床前垂文竿，巢边登轻舟。虽无东皋田，还生鱼乎忧。
对偶句是：null
 权重是0

这首诗的题目是嘉兴县内池阁
这首诗的作者是方干
这首诗的内容是： 指画应心成，周回气象清。床前沙鸟语，案下锦鳞惊。细柳风吹旋，新荷露压倾。微芳缘岸落，迸笋入波生。舴艋舟中醉，莓苔径上行。高人莫归去，此处胜蓬瀛。
对偶句是：null
 权重是0

这首诗的题目是过西山施肩吾旧居
这首诗的作者是齐己
这首诗的内容是： 大志终难起，西峰卧翠堆。床前倒秋壑，枕上过春雷。鹤见丹成去，僧闻栗熟来。荒斋松竹老，鸾鹤自裴回。
对偶句是：null
 权重是0



2017-04-14 14:52:23,953INFO[com.Davi.poems.net.myHttpClient]-返回 200
